synthesis:  version Diamond (64-bit) 3.10.0.111.2

Copyright (c) 1991-1994 by NeoCAD Inc. All rights reserved.
Copyright (c) 1995 AT&T Corp.   All rights reserved.
Copyright (c) 1995-2001 Lucent Technologies Inc.  All rights reserved.
Copyright (c) 2001 Agere Systems   All rights reserved.
Copyright (c) 2002-2017 Lattice Semiconductor Corporation,  All rights reserved.
Tue May 01 20:44:43 2018


Command Line:  synthesis -f LEDqiduanma003_impl1_lattice.synproj -gui 

Synthesis options:
The -a option is MachXO2.
The -s option is 4.
The -t option is CSBGA132.
The -d option is LCMXO2-4000HC.
Using package CSBGA132.
Using performance grade 4.
                                                          

##########################################################

### Lattice Family : MachXO2

### Device  : LCMXO2-4000HC

### Package : CSBGA132

### Speed   : 4

##########################################################

                                                          

INFO - synthesis: User-Selected Strategy Settings
Optimization goal = Balanced
The -top option is not used.
Target frequency = 200.000000 MHz.
Maximum fanout = 1000.
Timing path count = 3
BRAM utilization = 100.000000 %
DSP usage = true
DSP utilization = 100.000000 %
fsm_encoding_style = auto
resolve_mixed_drivers = 0
fix_gated_clocks = 1

Mux style = Auto
Use Carry Chain = true
carry_chain_length = 0
Loop Limit = 1950.
Use IO Insertion = TRUE
Use IO Reg = AUTO

Resource Sharing = TRUE
Propagate Constants = TRUE
Remove Duplicate Registers = TRUE
force_gsr = auto
ROM style = auto
RAM style = auto
The -comp option is FALSE.
The -syn option is FALSE.
-p C:/FPGACode/LEDqiduanma (searchpath added)
-p C:/Program Files/Lattice/diamond/3.10_x64/ispfpga/xo2c00/data (searchpath added)
-p C:/FPGACode/LEDqiduanma/impl1 (searchpath added)
-p C:/FPGACode/LEDqiduanma (searchpath added)
Verilog design file = C:/FPGACode/LEDqiduanma/LEDqiduanma.v
NGD file = LEDqiduanma003_impl1.ngd
-sdc option: SDC file input not used.
-lpf option: Output file option is ON.
Hardtimer checking is enabled (default). The -dt option is not used.
The -r option is OFF. [ Remove LOC Properties is OFF. ]
WARNING - synthesis: Setting LED as the top-level module. To specify the top-level module explicitly, use the -top option.
Technology check ok...

Analyzing Verilog file C:/Program Files/Lattice/diamond/3.10_x64/ispfpga/userware/NT/SYNTHESIS_HEADERS/machxo2.v. VERI-1482
Compile design.
Compile Design Begin
Analyzing Verilog file c:/fpgacode/ledqiduanma/ledqiduanma.v. VERI-1482
Analyzing Verilog file C:/Program Files/Lattice/diamond/3.10_x64/ispfpga/userware/NT/SYNTHESIS_HEADERS/machxo2.v. VERI-1482
Top module name (Verilog): LED
INFO - synthesis: c:/fpgacode/ledqiduanma/ledqiduanma.v(1): compiling module LED. VERI-1018
WARNING - synthesis: c:/fpgacode/ledqiduanma/ledqiduanma.v(8): net seg does not have a driver. VDB-1002
Loading NGL library 'C:/Program Files/Lattice/diamond/3.10_x64/ispfpga/xo2c00a/data/xo2alib.ngl'...
Loading NGL library 'C:/Program Files/Lattice/diamond/3.10_x64/ispfpga/xo2c00/data/xo2clib.ngl'...
Loading NGL library 'C:/Program Files/Lattice/diamond/3.10_x64/ispfpga/mg5g00/data/mg5glib.ngl'...
Loading NGL library 'C:/Program Files/Lattice/diamond/3.10_x64/ispfpga/or5g00/data/orc5glib.ngl'...
Loading device for application map from file 'xo2c4000.nph' in environment: C:/Program Files/Lattice/diamond/3.10_x64/ispfpga.
Package Status:                     Final          Version 1.44.
Top-level module name = LED.
WARNING - synthesis: c:/fpgacode/ledqiduanma/ledqiduanma.v(8): ram seg_original_ramnet has no write-port on it. VDB-1038



GSR will not be inferred because no asynchronous signal was found in the netlist.
Applying 200.000000 MHz constraint to all clocks

WARNING - synthesis: No user .sdc file.
Results of NGD DRC are available in LED_drc.log.
Loading NGL library 'C:/Program Files/Lattice/diamond/3.10_x64/ispfpga/xo2c00a/data/xo2alib.ngl'...
Loading NGL library 'C:/Program Files/Lattice/diamond/3.10_x64/ispfpga/xo2c00/data/xo2clib.ngl'...
Loading NGL library 'C:/Program Files/Lattice/diamond/3.10_x64/ispfpga/mg5g00/data/mg5glib.ngl'...
Loading NGL library 'C:/Program Files/Lattice/diamond/3.10_x64/ispfpga/or5g00/data/orc5glib.ngl'...
All blocks are expanded and NGD expansion is successful.
Writing NGD file LEDqiduanma003_impl1.ngd.

################### Begin Area Report (LED)######################
Number of register bits => 0 of 4635 (0 % )
GSR => 1
IB => 8
LUT4 => 14
OB => 18
################### End Area Report ##################

################### Begin BlackBox Report ######################
TSALL => 1
################### End BlackBox Report ##################

################### Begin Clock Report ######################
Clock Nets
Number of Clocks: 0
Clock Enable Nets
Number of Clock Enables: 0
Top 0 highest fanout Clock Enables:
Highest fanout non-clock nets
Top 10 highest fanout non-clock nets:
  Net : seg_data_1_c_3, loads : 7
  Net : seg_data_1_c_2, loads : 7
  Net : seg_data_1_c_1, loads : 7
  Net : seg_data_1_c_0, loads : 7
  Net : seg_data_2_c_3, loads : 7
  Net : seg_data_2_c_2, loads : 7
  Net : seg_data_2_c_1, loads : 7
  Net : seg_data_2_c_0, loads : 7
  Net : seg_led_1_c_6, loads : 1
  Net : seg_led_1_c_5, loads : 1
################### End Clock Report ##################

Peak Memory Usage: 55.398  MB

--------------------------------------------------------------
Elapsed CPU time for LSE flow : 0.469  secs
--------------------------------------------------------------
