
ibisgen "LEDshining1_LEDshining1.pad" "C:/Program Files/Lattice/diamond/3.10_x64/cae_library/ibis/machxo2.ibs" 
IBIS Models Generator: Lattice Diamond (64-bit) 3.10.0.111.2

Tue May 01 20:01:44 2018

Comp: key[0]
 Site: 141
 Type: IN
 IO_TYPE=LVCMOS25 
 PULL=DOWN 
 CLAMP=ON 
 HYSTERESIS=SMALL 
-----------------------
Comp: key[1]
 Site: 127
 Type: IN
 IO_TYPE=LVCMOS25 
 PULL=DOWN 
 CLAMP=ON 
 HYSTERESIS=SMALL 
-----------------------
Comp: key[2]
 Site: 122
 Type: IN
 IO_TYPE=LVCMOS25 
 PULL=DOWN 
 CLAMP=ON 
 HYSTERESIS=SMALL 
-----------------------
Comp: key[3]
 Site: 60
 Type: IN
 IO_TYPE=LVCMOS25 
 PULL=DOWN 
 CLAMP=ON 
 HYSTERESIS=SMALL 
-----------------------
Comp: led[0]
 Site: 75
 Type: OUT
 IO_TYPE=LVCMOS33 
 DRIVE=8mA 
 PULL=DOWN 
 SLEW=SLOW 
-----------------------
Comp: led[1]
 Site: 74
 Type: OUT
 IO_TYPE=LVCMOS33 
 DRIVE=8mA 
 PULL=DOWN 
 SLEW=SLOW 
-----------------------
Comp: led[2]
 Site: 115
 Type: OUT
 IO_TYPE=LVCMOS25 
 DRIVE=8mA 
 PULL=DOWN 
 SLEW=SLOW 
-----------------------
Comp: led[3]
 Site: 58
 Type: OUT
 IO_TYPE=LVCMOS25 
 DRIVE=8mA 
 PULL=DOWN 
 SLEW=SLOW 
-----------------------
Comp: led[4]
 Site: 142
 Type: OUT
 IO_TYPE=LVCMOS25 
 DRIVE=8mA 
 PULL=DOWN 
 SLEW=SLOW 
-----------------------
Comp: led[5]
 Site: 125
 Type: OUT
 IO_TYPE=LVCMOS25 
 DRIVE=8mA 
 PULL=DOWN 
 SLEW=SLOW 
-----------------------
Comp: led[6]
 Site: 120
 Type: OUT
 IO_TYPE=LVCMOS25 
 DRIVE=8mA 
 PULL=DOWN 
 SLEW=SLOW 
-----------------------
Comp: led[7]
 Site: 57
 Type: OUT
 IO_TYPE=LVCMOS25 
 DRIVE=8mA 
 PULL=DOWN 
 SLEW=SLOW 
-----------------------
Comp: sw[0]
 Site: 70
 Type: IN
 IO_TYPE=LVCMOS25 
 PULL=DOWN 
 CLAMP=ON 
 HYSTERESIS=SMALL 
-----------------------
Comp: sw[1]
 Site: 69
 Type: IN
 IO_TYPE=LVCMOS25 
 PULL=DOWN 
 CLAMP=ON 
 HYSTERESIS=SMALL 
-----------------------
Comp: sw[2]
 Site: 117
 Type: IN
 IO_TYPE=LVCMOS25 
 PULL=DOWN 
 CLAMP=ON 
 HYSTERESIS=SMALL 
-----------------------
Comp: sw[3]
 Site: 59
 Type: IN
 IO_TYPE=LVCMOS25 
 PULL=DOWN 
 CLAMP=ON 
 HYSTERESIS=SMALL 
-----------------------
Created design models.


Generating: C:\FPGACode\LEDshining1\IBIS\LEDshining1_LEDshining1.ibs


    <postMsg mid="1191031" type="Info"    dynamic="0" navigation="0"  />

ldbanno "LEDshining1_LEDshining1.ncd" -n Verilog  -o "LEDshining1_LEDshining1_vo.vo"         -w -neg
ldbanno: version Diamond (64-bit) 3.10.0.111.2
Copyright (c) 1991-1994 by NeoCAD Inc. All rights reserved.
Copyright (c) 1995 AT&T Corp.   All rights reserved.
Copyright (c) 1995-2001 Lucent Technologies Inc.  All rights reserved.
Copyright (c) 2001 Agere Systems   All rights reserved.
Copyright (c) 2002-2017 Lattice Semiconductor Corporation,  All rights reserved.

Writing a Verilog netlist using the orca library type based on the LEDshining1_LEDshining1 design file.


Loading design for application ldbanno from file LEDshining1_LEDshining1.ncd.
Design name: LED
NCD version: 3.3
Vendor:      LATTICE
Device:      LCMXO2-1200HC
Package:     TQFP144
Performance: 5
Loading device for application ldbanno from file 'xo2c1200.nph' in environment: C:/Program Files/Lattice/diamond/3.10_x64/ispfpga.
Package Status:                     Final          Version 1.42.
Performance Hardware Data Status:   Final          Version 34.4.
Converting design LEDshining1_LEDshining1.ncd into .ldb format.
Loading preferences from ledshining1_ledshining1.prf.
Writing Verilog netlist to file LEDshining1_LEDshining1_vo.vo
Writing SDF timing to file LEDshining1_LEDshining1_vo.sdf
    <postMsg mid="35400250" type="Info"    dynamic="1" navigation="0" arg0="0"  />

ldbanno "LEDshining1_LEDshining1.ncd" -n VHDL -o "LEDshining1_LEDshining1_vho.vho"         -w -neg 
ldbanno: version Diamond (64-bit) 3.10.0.111.2
Copyright (c) 1991-1994 by NeoCAD Inc. All rights reserved.
Copyright (c) 1995 AT&T Corp.   All rights reserved.
Copyright (c) 1995-2001 Lucent Technologies Inc.  All rights reserved.
Copyright (c) 2001 Agere Systems   All rights reserved.
Copyright (c) 2002-2017 Lattice Semiconductor Corporation,  All rights reserved.

Writing a VHDL netlist using the orca library type based on the LEDshining1_LEDshining1 design file.


Loading design for application ldbanno from file LEDshining1_LEDshining1.ncd.
Design name: LED
NCD version: 3.3
Vendor:      LATTICE
Device:      LCMXO2-1200HC
Package:     TQFP144
Performance: 5
Loading device for application ldbanno from file 'xo2c1200.nph' in environment: C:/Program Files/Lattice/diamond/3.10_x64/ispfpga.
Package Status:                     Final          Version 1.42.
Performance Hardware Data Status:   Final          Version 34.4.
Converting design LEDshining1_LEDshining1.ncd into .ldb format.
Loading preferences from ledshining1_ledshining1.prf.
Writing VHDL netlist to file LEDshining1_LEDshining1_vho.vho
Writing SDF timing to file LEDshining1_LEDshining1_vho.sdf
    <postMsg mid="35400250" type="Info"    dynamic="1" navigation="0" arg0="0"  />

bitgen -f "LEDshining1_LEDshining1.t2b" -w "LEDshining1_LEDshining1.ncd" "LEDshining1_LEDshining1.prf"


BITGEN: Bitstream Generator Diamond (64-bit) 3.10.0.111.2
Copyright (c) 1991-1994 by NeoCAD Inc. All rights reserved.
Copyright (c) 1995 AT&T Corp.   All rights reserved.
Copyright (c) 1995-2001 Lucent Technologies Inc.  All rights reserved.
Copyright (c) 2001 Agere Systems   All rights reserved.
Copyright (c) 2002-2017 Lattice Semiconductor Corporation,  All rights reserved.


Loading design for application Bitgen from file LEDshining1_LEDshining1.ncd.
Design name: LED
NCD version: 3.3
Vendor:      LATTICE
Device:      LCMXO2-1200HC
Package:     TQFP144
Performance: 5
Loading device for application Bitgen from file 'xo2c1200.nph' in environment: C:/Program Files/Lattice/diamond/3.10_x64/ispfpga.
Package Status:                     Final          Version 1.42.
Performance Hardware Data Status:   Final          Version 34.4.

Running DRC.
DRC detected 0 errors and 0 warnings.
Reading Preference File from LEDshining1_LEDshining1.prf.

Preference Summary:
+---------------------------------+---------------------------------+
|  Preference                     |  Current Setting                |
+---------------------------------+---------------------------------+
|                         RamCfg  |                        Reset**  |
+---------------------------------+---------------------------------+
|                     MCCLK_FREQ  |                         2.08**  |
+---------------------------------+---------------------------------+
|                  CONFIG_SECURE  |                          OFF**  |
+---------------------------------+---------------------------------+
|                          INBUF  |                           ON**  |
+---------------------------------+---------------------------------+
|                      JTAG_PORT  |                       ENABLE**  |
+---------------------------------+---------------------------------+
|                       SDM_PORT  |                      DISABLE**  |
+---------------------------------+---------------------------------+
|                 SLAVE_SPI_PORT  |                      DISABLE**  |
+---------------------------------+---------------------------------+
|                MASTER_SPI_PORT  |                      DISABLE**  |
+---------------------------------+---------------------------------+
|                       I2C_PORT  |                      DISABLE**  |
+---------------------------------+---------------------------------+
|        MUX_CONFIGURATION_PORTS  |                      DISABLE**  |
+---------------------------------+---------------------------------+
|                  CONFIGURATION  |                          CFG**  |
+---------------------------------+---------------------------------+
|                COMPRESS_CONFIG  |                           ON**  |
+---------------------------------+---------------------------------+
|                        MY_ASSP  |                          OFF**  |
+---------------------------------+---------------------------------+
|               ONE_TIME_PROGRAM  |                          OFF**  |
+---------------------------------+---------------------------------+
|                 ENABLE_TRANSFR  |                      DISABLE**  |
+---------------------------------+---------------------------------+
|                  SHAREDEBRINIT  |                      DISABLE**  |
+---------------------------------+---------------------------------+
|            BACKGROUND_RECONFIG  |                          OFF**  |
+---------------------------------+---------------------------------+
 *  Default setting.
 ** The specified setting matches the default setting.


Creating bit map...
 
Bitstream Status: Final           Version 1.94.
 
Saving bit stream in "LEDshining1_LEDshining1.bit".

bitgen -f "LEDshining1_LEDshining1.t2b" -w "LEDshining1_LEDshining1.ncd" -jedec "LEDshining1_LEDshining1.prf"


BITGEN: Bitstream Generator Diamond (64-bit) 3.10.0.111.2
Copyright (c) 1991-1994 by NeoCAD Inc. All rights reserved.
Copyright (c) 1995 AT&T Corp.   All rights reserved.
Copyright (c) 1995-2001 Lucent Technologies Inc.  All rights reserved.
Copyright (c) 2001 Agere Systems   All rights reserved.
Copyright (c) 2002-2017 Lattice Semiconductor Corporation,  All rights reserved.


Loading design for application Bitgen from file LEDshining1_LEDshining1.ncd.
Design name: LED
NCD version: 3.3
Vendor:      LATTICE
Device:      LCMXO2-1200HC
Package:     TQFP144
Performance: 5
Loading device for application Bitgen from file 'xo2c1200.nph' in environment: C:/Program Files/Lattice/diamond/3.10_x64/ispfpga.
Package Status:                     Final          Version 1.42.
Performance Hardware Data Status:   Final          Version 34.4.

Running DRC.
DRC detected 0 errors and 0 warnings.
Reading Preference File from LEDshining1_LEDshining1.prf.

Preference Summary:
+---------------------------------+---------------------------------+
|  Preference                     |  Current Setting                |
+---------------------------------+---------------------------------+
|                         RamCfg  |                        Reset**  |
+---------------------------------+---------------------------------+
|                     MCCLK_FREQ  |                         2.08**  |
+---------------------------------+---------------------------------+
|                  CONFIG_SECURE  |                          OFF**  |
+---------------------------------+---------------------------------+
|                          INBUF  |                           ON**  |
+---------------------------------+---------------------------------+
|                      JTAG_PORT  |                       ENABLE**  |
+---------------------------------+---------------------------------+
|                       SDM_PORT  |                      DISABLE**  |
+---------------------------------+---------------------------------+
|                 SLAVE_SPI_PORT  |                      DISABLE**  |
+---------------------------------+---------------------------------+
|                MASTER_SPI_PORT  |                      DISABLE**  |
+---------------------------------+---------------------------------+
|                       I2C_PORT  |                      DISABLE**  |
+---------------------------------+---------------------------------+
|        MUX_CONFIGURATION_PORTS  |                      DISABLE**  |
+---------------------------------+---------------------------------+
|                  CONFIGURATION  |                          CFG**  |
+---------------------------------+---------------------------------+
|                COMPRESS_CONFIG  |                           ON**  |
+---------------------------------+---------------------------------+
|                        MY_ASSP  |                          OFF**  |
+---------------------------------+---------------------------------+
|               ONE_TIME_PROGRAM  |                          OFF**  |
+---------------------------------+---------------------------------+
|                 ENABLE_TRANSFR  |                      DISABLE**  |
+---------------------------------+---------------------------------+
|                  SHAREDEBRINIT  |                      DISABLE**  |
+---------------------------------+---------------------------------+
|            BACKGROUND_RECONFIG  |                          OFF**  |
+---------------------------------+---------------------------------+
 *  Default setting.
 ** The specified setting matches the default setting.


Creating bit map...
 
Bitstream Status: Final           Version 1.94.
 
Saving bit stream in "LEDshining1_LEDshining1.jed".
 
===========
UFM Summary.
===========
UFM Size:        511 Pages (128*511 Bits).
UFM Utilization: General Purpose Flash Memory.
 
Available General Purpose Flash Memory:  511 Pages (Page 0 to Page 510).
Initialized UFM Pages:                     0 Page.
 
