
             Lattice Mapping Report File for Design Module 'LED'


Design Information
------------------

Command line:   map -a MachXO2 -p LCMXO2-1200HC -t TQFP144 -s 5 -oc Commercial
     LEDshining1_LEDshining1.ngd -o LEDshining1_LEDshining1_map.ncd -pr
     LEDshining1_LEDshining1.prf -mp LEDshining1_LEDshining1.mrp -lpf
     C:/FPGACode/LEDshining1/LEDshining1_LEDshining1.lpf -lpf
     C:/FPGACode/LEDshining1.lpf -c 0 -gui 
Target Vendor:  LATTICE
Target Device:  LCMXO2-1200HCTQFP144
Target Performance:   5
Mapper:  xo2c00,  version:  Diamond (64-bit) 3.10.0.111.2
Mapped on:  05/01/18  20:01:05

Design Summary
--------------

   Number of registers:      0 out of  1604 (0%)
      PFU registers:            0 out of  1280 (0%)
      PIO registers:            0 out of   324 (0%)
   Number of SLICEs:         0 out of   640 (0%)
      SLICEs as Logic/ROM:      0 out of   640 (0%)
      SLICEs as RAM:            0 out of   480 (0%)
      SLICEs as Carry:          0 out of   640 (0%)
   Number of LUT4s:          0 out of  1280 (0%)
      Number used as logic LUTs:          0
      Number used as distributed RAM:     0
      Number used as ripple logic:        0
      Number used as shift registers:     0
   Number of PIO sites used: 16 + 4(JTAG) out of 108 (19%)
   Number of block RAMs:  0 out of 7 (0%)
   Number of GSRs:  0 out of 1 (0%)
   EFB used :       No
   JTAG used :      No
   Readback used :  No
   Oscillator used :  No
   Startup used :   No
   POR :            On
   Bandgap :        On
   Number of Power Controller:  0 out of 1 (0%)
   Number of Dynamic Bank Controller (BCINRD):  0 out of 4 (0%)
   Number of Dynamic Bank Controller (BCLVDSO):  0 out of 1 (0%)
   Number of DCCA:  0 out of 8 (0%)
   Number of DCMA:  0 out of 2 (0%)
   Number of PLLs:  0 out of 1 (0%)
   Number of DQSDLLs:  0 out of 2 (0%)
   Number of CLKDIVC:  0 out of 4 (0%)
   Number of ECLKSYNCA:  0 out of 4 (0%)
   Number of ECLKBRIDGECS:  0 out of 2 (0%)
   Notes:-
      1. Total number of LUT4s = (Number of logic LUT4s) + 2*(Number of
     distributed RAMs) + 2*(Number of ripple logic)
      2. Number of logic LUT4s does not include count of distributed RAM and
     ripple logic.
   Number of clocks:  0
   Number of Clock Enables:  0
   Number of LSRs:  0
   Number of nets driven by tri-state buffers:  0

                                    Page 1




Design:  LED                                           Date:  05/01/18  20:01:05

Design Summary (cont)
---------------------
   Top 10 highest fanout non-clock nets:
     Net led_c_0_c: 1 loads
     Net led_c_1_c: 1 loads
     Net led_c_2_c: 1 loads
     Net led_c_3_c: 1 loads
     Net n2_c: 1 loads
     Net n3_c: 1 loads
     Net n4_c: 1 loads
     Net n5_c: 1 loads




   Number of warnings:  0
   Number of errors:    0
     

Design Errors/Warnings
----------------------

   No errors or warnings present.

IO (PIO) Attributes
-------------------

+---------------------+-----------+-----------+------------+
| IO Name             | Direction | Levelmode | IO         |
|                     |           |  IO_TYPE  | Register   |
+---------------------+-----------+-----------+------------+
| led[7]              | OUTPUT    | LVCMOS25  |            |
+---------------------+-----------+-----------+------------+
| led[6]              | OUTPUT    | LVCMOS25  |            |
+---------------------+-----------+-----------+------------+
| led[5]              | OUTPUT    | LVCMOS25  |            |
+---------------------+-----------+-----------+------------+
| led[4]              | OUTPUT    | LVCMOS25  |            |
+---------------------+-----------+-----------+------------+
| led[3]              | OUTPUT    | LVCMOS25  |            |
+---------------------+-----------+-----------+------------+
| led[2]              | OUTPUT    | LVCMOS25  |            |
+---------------------+-----------+-----------+------------+
| led[1]              | OUTPUT    | LVCMOS33  |            |
+---------------------+-----------+-----------+------------+
| led[0]              | OUTPUT    | LVCMOS33  |            |
+---------------------+-----------+-----------+------------+
| key[3]              | INPUT     | LVCMOS25  |            |
+---------------------+-----------+-----------+------------+
| key[2]              | INPUT     | LVCMOS25  |            |
+---------------------+-----------+-----------+------------+
| key[1]              | INPUT     | LVCMOS25  |            |
+---------------------+-----------+-----------+------------+
| key[0]              | INPUT     | LVCMOS25  |            |
+---------------------+-----------+-----------+------------+
| sw[3]               | INPUT     | LVCMOS25  |            |
+---------------------+-----------+-----------+------------+
| sw[2]               | INPUT     | LVCMOS25  |            |

                                    Page 2




Design:  LED                                           Date:  05/01/18  20:01:05

IO (PIO) Attributes (cont)
--------------------------
+---------------------+-----------+-----------+------------+
| sw[1]               | INPUT     | LVCMOS25  |            |
+---------------------+-----------+-----------+------------+
| sw[0]               | INPUT     | LVCMOS25  |            |
+---------------------+-----------+-----------+------------+

Removed logic
-------------

Block i24 undriven or does not drive anything - clipped.
Block GSR_INST undriven or does not drive anything - clipped.
Block i23 undriven or does not drive anything - clipped.
Signal VCC_net undriven or does not drive anything - clipped.
Signal GND_net undriven or does not drive anything - clipped.

Memory Usage
------------


     

Run Time and Memory Usage
-------------------------

   Total CPU Time: 0 secs  
   Total REAL Time: 0 secs  
   Peak Memory Usage: 29 MB
        





























                                    Page 3


Copyright (c) 1991-1994 by NeoCAD Inc. All rights reserved.
     Copyright (c) 1995 AT&T Corp.   All rights reserved.
     Copyright (c) 1995-2001 Lucent Technologies Inc.  All rights reserved.
     Copyright (c) 2001 Agere Systems   All rights reserved.
     Copyright (c) 2002-2017 Lattice Semiconductor Corporation,  All rights
     reserved.
