synthesis:  version Diamond (64-bit) 3.10.0.111.2

Copyright (c) 1991-1994 by NeoCAD Inc. All rights reserved.
Copyright (c) 1995 AT&T Corp.   All rights reserved.
Copyright (c) 1995-2001 Lucent Technologies Inc.  All rights reserved.
Copyright (c) 2001 Agere Systems   All rights reserved.
Copyright (c) 2002-2017 Lattice Semiconductor Corporation,  All rights reserved.
Tue May 01 19:56:28 2018


Command Line:  synthesis -f LEDshining1_LEDshining1_lattice.synproj -gui 

Synthesis options:
The -a option is MachXO2.
The -s option is 5.
The -t option is TQFP144.
The -d option is LCMXO2-1200HC.
Using package TQFP144.
Using performance grade 5.
                                                          

##########################################################

### Lattice Family : MachXO2

### Device  : LCMXO2-1200HC

### Package : TQFP144

### Speed   : 5

##########################################################

                                                          

INFO - synthesis: User-Selected Strategy Settings
Optimization goal = Balanced
The -top option is not used.
Target frequency = 200.000000 MHz.
Maximum fanout = 1000.
Timing path count = 3
BRAM utilization = 100.000000 %
DSP usage = true
DSP utilization = 100.000000 %
fsm_encoding_style = auto
resolve_mixed_drivers = 0
fix_gated_clocks = 1

Mux style = Auto
Use Carry Chain = true
carry_chain_length = 0
Loop Limit = 1950.
Use IO Insertion = TRUE
Use IO Reg = AUTO

Resource Sharing = TRUE
Propagate Constants = TRUE
Remove Duplicate Registers = TRUE
force_gsr = auto
ROM style = auto
RAM style = auto
The -comp option is FALSE.
The -syn option is FALSE.
-p C:/FPGACode (searchpath added)
-p C:/Program Files/Lattice/diamond/3.10_x64/ispfpga/xo2c00/data (searchpath added)
-p C:/FPGACode/LEDshining1 (searchpath added)
-p C:/FPGACode (searchpath added)
Verilog design file = C:/FPGACode/LEDshining.v
NGD file = LEDshining1_LEDshining1.ngd
-sdc option: SDC file input not used.
-lpf option: Output file option is ON.
Hardtimer checking is enabled (default). The -dt option is not used.
The -r option is OFF. [ Remove LOC Properties is OFF. ]
WARNING - synthesis: Setting LED as the top-level module. To specify the top-level module explicitly, use the -top option.
Technology check ok...

Analyzing Verilog file C:/Program Files/Lattice/diamond/3.10_x64/ispfpga/userware/NT/SYNTHESIS_HEADERS/machxo2.v. VERI-1482
Compile design.
Compile Design Begin
Analyzing Verilog file c:/fpgacode/ledshining.v. VERI-1482
Analyzing Verilog file C:/Program Files/Lattice/diamond/3.10_x64/ispfpga/userware/NT/SYNTHESIS_HEADERS/machxo2.v. VERI-1482
Top module name (Verilog): LED
INFO - synthesis: c:/fpgacode/ledshining.v(18): compiling module LED. VERI-1018
Loading NGL library 'C:/Program Files/Lattice/diamond/3.10_x64/ispfpga/xo2c00a/data/xo2alib.ngl'...
Loading NGL library 'C:/Program Files/Lattice/diamond/3.10_x64/ispfpga/xo2c00/data/xo2clib.ngl'...
Loading NGL library 'C:/Program Files/Lattice/diamond/3.10_x64/ispfpga/mg5g00/data/mg5glib.ngl'...
Loading NGL library 'C:/Program Files/Lattice/diamond/3.10_x64/ispfpga/or5g00/data/orc5glib.ngl'...
Loading device for application map from file 'xo2c1200.nph' in environment: C:/Program Files/Lattice/diamond/3.10_x64/ispfpga.
Package Status:                     Final          Version 1.42.
Top-level module name = LED.
WARNING - synthesis: I/O Port key[3] 's net has no driver and is unused.
WARNING - synthesis: I/O Port key[2] 's net has no driver and is unused.
WARNING - synthesis: I/O Port key[1] 's net has no driver and is unused.
WARNING - synthesis: I/O Port key[0] 's net has no driver and is unused.
WARNING - synthesis: I/O Port sw[3] 's net has no driver and is unused.
WARNING - synthesis: I/O Port sw[2] 's net has no driver and is unused.
WARNING - synthesis: I/O Port sw[1] 's net has no driver and is unused.
WARNING - synthesis: I/O Port sw[0] 's net has no driver and is unused.
WARNING - synthesis: I/O Port led[7] 's net has no driver and is unused.
WARNING - synthesis: I/O Port led[6] 's net has no driver and is unused.
WARNING - synthesis: I/O Port led[5] 's net has no driver and is unused.
WARNING - synthesis: I/O Port led[4] 's net has no driver and is unused.
WARNING - synthesis: I/O Port led[3] 's net has no driver and is unused.
WARNING - synthesis: I/O Port led[2] 's net has no driver and is unused.
WARNING - synthesis: I/O Port led[1] 's net has no driver and is unused.
WARNING - synthesis: I/O Port led[0] 's net has no driver and is unused.



WARNING - synthesis: I/O Port key[3] 's net has no driver and is unused.
WARNING - synthesis: I/O Port key[2] 's net has no driver and is unused.
WARNING - synthesis: I/O Port key[1] 's net has no driver and is unused.
WARNING - synthesis: I/O Port key[0] 's net has no driver and is unused.
WARNING - synthesis: I/O Port sw[3] 's net has no driver and is unused.
WARNING - synthesis: I/O Port sw[2] 's net has no driver and is unused.
WARNING - synthesis: I/O Port sw[1] 's net has no driver and is unused.
WARNING - synthesis: I/O Port sw[0] 's net has no driver and is unused.
WARNING - synthesis: I/O Port led[7] 's net has no driver and is unused.
WARNING - synthesis: I/O Port led[6] 's net has no driver and is unused.
WARNING - synthesis: I/O Port led[5] 's net has no driver and is unused.
WARNING - synthesis: I/O Port led[4] 's net has no driver and is unused.
WARNING - synthesis: I/O Port led[3] 's net has no driver and is unused.
WARNING - synthesis: I/O Port led[2] 's net has no driver and is unused.
WARNING - synthesis: I/O Port led[1] 's net has no driver and is unused.
WARNING - synthesis: I/O Port led[0] 's net has no driver and is unused.
GSR will not be inferred because no asynchronous signal was found in the netlist.
Applying 200.000000 MHz constraint to all clocks

WARNING - synthesis: No user .sdc file.
Results of NGD DRC are available in LED_drc.log.
Loading NGL library 'C:/Program Files/Lattice/diamond/3.10_x64/ispfpga/xo2c00a/data/xo2alib.ngl'...
Loading NGL library 'C:/Program Files/Lattice/diamond/3.10_x64/ispfpga/xo2c00/data/xo2clib.ngl'...
Loading NGL library 'C:/Program Files/Lattice/diamond/3.10_x64/ispfpga/mg5g00/data/mg5glib.ngl'...
Loading NGL library 'C:/Program Files/Lattice/diamond/3.10_x64/ispfpga/or5g00/data/orc5glib.ngl'...
WARNING - synthesis: logical net 'GND_net' has no load.
WARNING - synthesis: DRC complete with 1 warnings.
All blocks are expanded and NGD expansion is successful.
Writing NGD file LEDshining1_LEDshining1.ngd.

################### Begin Area Report (LED)######################
Number of register bits => 0 of 1604 (0 % )
GSR => 1
IB => 8
OB => 8
################### End Area Report ##################

################### Begin BlackBox Report ######################
TSALL => 1
################### End BlackBox Report ##################

################### Begin Clock Report ######################
Clock Nets
Number of Clocks: 0
Clock Enable Nets
Number of Clock Enables: 0
Top 0 highest fanout Clock Enables:
Highest fanout non-clock nets
Top 10 highest fanout non-clock nets:
  Net : led_c_3_c, loads : 1
  Net : led_c_2_c, loads : 1
  Net : led_c_1_c, loads : 1
  Net : led_c_0_c, loads : 1
  Net : n2_c, loads : 1
  Net : n3_c, loads : 1
  Net : n4_c, loads : 1
  Net : n5_c, loads : 1
  Net : led[7], loads : 0
  Net : led[6], loads : 0
################### End Clock Report ##################

Peak Memory Usage: 50.285  MB

--------------------------------------------------------------
Elapsed CPU time for LSE flow : 0.422  secs
--------------------------------------------------------------
